2021-01-29 12:45:59.743 INFO [restartedMain] com.workorder.WorkOrderWebApp : Starting WorkOrderWebApp on DESKTOP-KD2CNJ0 with PID 28140 (C:\Users\Lenovo\Desktop\workorder\WorkOrderApi\WorkOrderWeb\target\classes started by Lenovo in C:\Users\Lenovo\Desktop\workorder\WorkOrderApi)
2021-01-29 12:45:59.766 INFO [restartedMain] com.workorder.WorkOrderWebApp : No active profile set, falling back to default profiles: default
2021-01-29 12:46:01.802 INFO [restartedMain] org.apache.coyote.http11.Http11NioProtocol : Initializing ProtocolHandler ["http-nio-8888"]
2021-01-29 12:46:01.804 INFO [restartedMain] org.apache.catalina.core.StandardService : Starting service [Tomcat]
2021-01-29 12:46:01.805 INFO [restartedMain] org.apache.catalina.core.StandardEngine : Starting Servlet engine: [Apache Tomcat/9.0.27]
2021-01-29 12:46:01.900 INFO [restartedMain] org.apache.catalina.core.ContainerBase.[Tomcat].[localhost].[/] : Initializing Spring embedded WebApplicationContext
2021-01-29 12:46:03.854 INFO [restartedMain] org.apache.coyote.http11.Http11NioProtocol : Starting ProtocolHandler ["http-nio-8888"]
2021-01-29 12:46:03.898 INFO [restartedMain] com.workorder.WorkOrderWebApp : Started WorkOrderWebApp in 4.614 seconds (JVM running for 11.151)
2021-01-29 12:48:47.700 INFO [http-nio-8888-exec-1] org.apache.catalina.core.ContainerBase.[Tomcat].[localhost].[/] : Initializing Spring DispatcherServlet 'dispatcherServlet'
2021-01-29 12:48:48.268 INFO [http-nio-8888-exec-1] io.lettuce.core.EpollProvider : Starting without optional epoll library
2021-01-29 12:48:48.270 INFO [http-nio-8888-exec-1] io.lettuce.core.KqueueProvider : Starting without optional kqueue library
2021-01-29 12:49:10.440 ERROR[http-nio-8888-exec-5] com.workorder.config.MyControllerAdvice : org.springframework.data.redis.RedisConnectionFailureException: Unable to connect to Redis; nested exception is io.lettuce.core.RedisConnectionException: Unable to connect to localhost:6379
2021-01-29 12:51:22.564 INFO [restartedMain] com.workorder.WorkOrderWebApp : Starting WorkOrderWebApp on DESKTOP-KD2CNJ0 with PID 3012 (C:\Users\Lenovo\Desktop\workorder\WorkOrderApi\WorkOrderWeb\target\classes started by Lenovo in C:\Users\Lenovo\Desktop\workorder\WorkOrderApi)
2021-01-29 12:51:22.574 INFO [restartedMain] com.workorder.WorkOrderWebApp : No active profile set, falling back to default profiles: default
2021-01-29 12:51:24.027 INFO [restartedMain] org.apache.coyote.http11.Http11NioProtocol : Initializing ProtocolHandler ["http-nio-8888"]
2021-01-29 12:51:24.028 INFO [restartedMain] org.apache.catalina.core.StandardService : Starting service [Tomcat]
2021-01-29 12:51:24.029 INFO [restartedMain] org.apache.catalina.core.StandardEngine : Starting Servlet engine: [Apache Tomcat/9.0.27]
2021-01-29 12:51:24.114 INFO [restartedMain] org.apache.catalina.core.ContainerBase.[Tomcat].[localhost].[/] : Initializing Spring embedded WebApplicationContext
2021-01-29 12:51:25.814 INFO [restartedMain] org.apache.coyote.http11.Http11NioProtocol : Starting ProtocolHandler ["http-nio-8888"]
2021-01-29 12:51:25.838 INFO [restartedMain] com.workorder.WorkOrderWebApp : Started WorkOrderWebApp in 3.635 seconds (JVM running for 5.589)
2021-01-29 12:51:31.609 INFO [http-nio-8888-exec-2] org.apache.catalina.core.ContainerBase.[Tomcat].[localhost].[/] : Initializing Spring DispatcherServlet 'dispatcherServlet'
2021-01-29 12:51:31.734 INFO [http-nio-8888-exec-2] io.lettuce.core.EpollProvider : Starting without optional epoll library
2021-01-29 12:51:31.736 INFO [http-nio-8888-exec-2] io.lettuce.core.KqueueProvider : Starting without optional kqueue library
2021-01-29 12:51:32.493 ERROR[http-nio-8888-exec-2] com.workorder.config.MyControllerAdvice : org.springframework.data.redis.RedisConnectionFailureException: Unable to connect to Redis; nested exception is io.lettuce.core.RedisConnectionException: Unable to connect to 127.0.0.1:6379
2021-01-29 12:51:36.470 ERROR[http-nio-8888-exec-3] com.workorder.config.MyControllerAdvice : org.springframework.data.redis.RedisConnectionFailureException: Unable to connect to Redis; nested exception is io.lettuce.core.RedisConnectionException: Unable to connect to 127.0.0.1:6379
2021-01-29 12:52:12.252 INFO [restartedMain] com.workorder.WorkOrderWebApp : Starting WorkOrderWebApp on DESKTOP-KD2CNJ0 with PID 29528 (C:\Users\Lenovo\Desktop\workorder\WorkOrderApi\WorkOrderWeb\target\classes started by Lenovo in C:\Users\Lenovo\Desktop\workorder\WorkOrderApi)
2021-01-29 12:52:12.262 INFO [restartedMain] com.workorder.WorkOrderWebApp : No active profile set, falling back to default profiles: default
2021-01-29 12:52:13.723 INFO [restartedMain] org.apache.coyote.http11.Http11NioProtocol : Initializing ProtocolHandler ["http-nio-8888"]
2021-01-29 12:52:13.723 INFO [restartedMain] org.apache.catalina.core.StandardService : Starting service [Tomcat]
2021-01-29 12:52:13.724 INFO [restartedMain] org.apache.catalina.core.StandardEngine : Starting Servlet engine: [Apache Tomcat/9.0.27]
2021-01-29 12:52:13.811 INFO [restartedMain] org.apache.catalina.core.ContainerBase.[Tomcat].[localhost].[/] : Initializing Spring embedded WebApplicationContext
2021-01-29 12:52:15.473 INFO [restartedMain] org.apache.coyote.http11.Http11NioProtocol : Starting ProtocolHandler ["http-nio-8888"]
2021-01-29 12:52:15.495 INFO [restartedMain] com.workorder.WorkOrderWebApp : Started WorkOrderWebApp in 3.595 seconds (JVM running for 5.608)
2021-01-29 12:52:18.984 INFO [http-nio-8888-exec-1] org.apache.catalina.core.ContainerBase.[Tomcat].[localhost].[/] : Initializing Spring DispatcherServlet 'dispatcherServlet'
2021-01-29 12:52:19.109 INFO [http-nio-8888-exec-1] io.lettuce.core.EpollProvider : Starting without optional epoll library
2021-01-29 12:52:19.112 INFO [http-nio-8888-exec-1] io.lettuce.core.KqueueProvider : Starting without optional kqueue library
2021-01-29 12:55:36.003 INFO [http-nio-8888-exec-1] com.zaxxer.hikari.HikariDataSource : HikariPool-1 - Starting...
2021-01-29 12:55:36.569 INFO [http-nio-8888-exec-1] com.zaxxer.hikari.pool.PoolBase : HikariPool-1 - Driver does not support get/set network timeout for connections. (This operation is not supported.)
2021-01-29 12:55:36.604 INFO [http-nio-8888-exec-1] com.zaxxer.hikari.HikariDataSource : HikariPool-1 - Start completed.
2021-01-29 12:57:09.538 WARN [HikariPool-1 housekeeper] com.zaxxer.hikari.pool.HikariPool : HikariPool-1 - Thread starvation or clock leap detected (housekeeper delta=1m2s804ms985µs700ns).
2021-01-29 12:57:37.909 INFO [SpringContextShutdownHook] com.zaxxer.hikari.HikariDataSource : HikariPool-1 - Shutdown initiated...
2021-01-29 12:57:37.911 INFO [SpringContextShutdownHook] com.zaxxer.hikari.HikariDataSource : HikariPool-1 - Shutdown completed.
